<?xml version="1.0" encoding="UTF-8"?>
<!-- Generated by org.testng.reporters.JUnitReportReporter -->
<testsuite skipped="0" hostname="Venu-HP" name="TestNGbasics.invocation" tests="4" failures="0" timestamp="05 Oct 2018 05:20:54 GMT" time="36.853" errors="0">
  <testcase name="getUrl" time="7.837" classname="TestNGbasics.invocation"/>
  <testcase name="getUrl" time="7.279" classname="TestNGbasics.invocation"/>
  <testcase name="clickonGmail" time="13.004" classname="TestNGbasics.invocation"/>
  <testcase name="getTitle" time="8.733" classname="TestNGbasics.invocation"/>
</testsuite> <!-- TestNGbasics.invocation -->
