<?xml version="1.0" encoding="UTF-8"?>
<!-- Generated by org.testng.reporters.JUnitReportReporter -->
<testsuite skipped="0" hostname="Venu-HP" name="testngpomtest.logintest" tests="1" failures="0" timestamp="30 Oct 2018 06:12:27 GMT" time="61.818" errors="0">
  <testcase name="loginTest" time="61.818" classname="testngpomtest.logintest"/>
</testsuite> <!-- testngpomtest.logintest -->
