<?xml version="1.0" encoding="UTF-8"?>
<!-- Generated by org.testng.reporters.JUnitReportReporter -->
<testsuite skipped="0" hostname="Venu-HP" name="TestNGbasics.dataprovider" tests="3" failures="0" timestamp="05 Oct 2018 05:25:19 GMT" time="55.353" errors="0">
  <testcase name="testFacebook" time="18.256" classname="TestNGbasics.dataprovider"/>
  <testcase name="testFacebook" time="19.586" classname="TestNGbasics.dataprovider"/>
  <testcase name="testFacebook" time="17.511" classname="TestNGbasics.dataprovider"/>
</testsuite> <!-- TestNGbasics.dataprovider -->
