<?xml version="1.0" encoding="UTF-8"?>
<!-- Generated by org.testng.reporters.JUnitReportReporter -->
<testsuite skipped="0" hostname="Venu-HP" name="TestNGbasics.crossbrowser" tests="3" failures="0" timestamp="05 Oct 2018 05:17:03 GMT" time="47.725" errors="0">
  <testcase name="crmTest" time="23.977" classname="TestNGbasics.crossbrowser"/>
  <testcase name="crmTest" time="9.398" classname="TestNGbasics.crossbrowser"/>
  <testcase name="crmTest" time="14.350" classname="TestNGbasics.crossbrowser"/>
</testsuite> <!-- TestNGbasics.crossbrowser -->
