<?xml version="1.0" encoding="UTF-8"?>
<!-- Generated by org.testng.reporters.JUnitReportReporter -->
<testsuite skipped="0" hostname="Venu-HP" name="TestNGbasics.grouping" tests="2" failures="0" timestamp="20 Nov 2018 07:44:31 GMT" time="24.716" errors="0">
  <testcase name="testcase3" time="14.862" classname="TestNGbasics.grouping"/>
  <testcase name="getTiltle" time="9.854" classname="TestNGbasics.grouping"/>
</testsuite> <!-- TestNGbasics.grouping -->
