<?xml version="1.0" encoding="UTF-8"?>
<!-- Generated by org.testng.reporters.JUnitReportReporter -->
<testsuite skipped="0" hostname="Venu-HP" name="TestNGbasics.dataprovider" tests="3" failures="0" timestamp="20 Nov 2018 08:12:43 GMT" time="71.697" errors="0">
  <testcase name="testFacebook" time="20.782" classname="TestNGbasics.dataprovider"/>
  <testcase name="testFacebook" time="29.909" classname="TestNGbasics.dataprovider"/>
  <testcase name="testFacebook" time="21.006" classname="TestNGbasics.dataprovider"/>
</testsuite> <!-- TestNGbasics.dataprovider -->
