<?xml version="1.0" encoding="UTF-8"?>
<!-- Generated by org.testng.reporters.JUnitReportReporter -->
<testsuite skipped="0" hostname="Venu-HP" name="TestNGbasics.crossbrowser" tests="3" failures="0" timestamp="20 Nov 2018 07:52:02 GMT" time="179.243" errors="0">
  <testcase name="crmTest" time="71.459" classname="TestNGbasics.crossbrowser"/>
  <testcase name="crmTest" time="27.908" classname="TestNGbasics.crossbrowser"/>
  <testcase name="crmTest" time="79.876" classname="TestNGbasics.crossbrowser"/>
</testsuite> <!-- TestNGbasics.crossbrowser -->
